<?xml version="1.0" encoding="UTF-8"?>
<!-- Generated by org.testng.reporters.JUnitReportReporter -->
<testsuite hostname="PACD-516P19N-D" name="com.example.tests.TestAddWebDev" tests="1" failures="0" timestamp="14 Sep 2016 01:32:49 GMT" time="53.771" errors="0">
  <testcase name="testAddWebDev" time="53.771" classname="com.example.tests.TestAddWebDev"/>
</testsuite> <!-- com.example.tests.TestAddWebDev -->
